
 WARNING: Truncating the name of this object to 8 characters:  TEST_PARTICLE

           Integration parameters
           ----------------------

   Algorithm: Hybrid symplectic integrator (mixed coordinates)

   Integration start epoch:               0.0000000 days 
   Integration stop  epoch:         3652500.0000000
   Output interval:                     365.000
   Output precision:                 medium

   Initial timestep:               10.000 days 
   Accuracy parameter:              1.0000E-10
   Central mass:                    1.0000E+00 solar masses
   J_2:                              0.0000E+00
   J_4:                              0.0000E+00
   J_6:                              0.0000E+00
   Ejection distance:               1.0000E+02 AU
   Radius of central body:          5.0000E-03 AU

   Includes collisions:                 no 
   Includes fragmentation:              no 
   Includes relativity:                 no 
   Includes user-defined force routine: yes

   Number of Big bodies:        1
   Number of Small bodies:      1


           Integration details
           -------------------

   Initial energy:           -9.96597E-08 solar masses AU^2 day^-2 
   Initial angular momentum:  2.05261E-05 solar masses AU^2 day^-1 

   Integrating massive bodies and particles up to the same epoch.

   Beginning the main integration.

 TEST_PAR ejected at          2.7378508 years

   Integration complete.

   Fractional energy change due to integrator:   1.25098E-06
   Fractional angular momentum change:           8.42988E-14

   Fractional energy change due to collisions/ejections:  0.00000E+00
   Fractional angular momentum change:                    0.00000E+00
